<?xml version="1.0" encoding="UTF-8"?>
<testng-results skipped="0" failed="0" ignored="0" total="1" passed="1">
  <reporter-output>
  </reporter-output>
  <suite name="Default suite" duration-ms="85255" started-at="2017-08-02T12:44:53Z" finished-at="2017-08-02T12:46:18Z">
    <groups>
    </groups>
    <test name="Default test" duration-ms="85255" started-at="2017-08-02T12:44:53Z" finished-at="2017-08-02T12:46:18Z">
      <class name="browseStack.testcases.JavaSample">
        <test-method status="PASS" signature="test_case()[pri:0, instance:browseStack.testcases.JavaSample@1cab519]" name="test_case" duration-ms="85210" started-at="2017-08-02T18:14:53Z" finished-at="2017-08-02T18:16:18Z">
          <reporter-output>
          </reporter-output>
        </test-method> <!-- test_case -->
      </class> <!-- browseStack.testcases.JavaSample -->
    </test> <!-- Default test -->
  </suite> <!-- Default suite -->
</testng-results>
